3/1/2018 12:52:05 AM	This log contains information about the import schema operation into project 'School.Database' on computer 'VSI-P51-003' by user 'Admin'.
3/1/2018 12:52:05 AM	Import of database schema has started.
3/1/2018 12:52:10 AM	Gathering database options
3/1/2018 12:52:10 AM	Gathering users
3/1/2018 12:52:10 AM	Gathering roles
3/1/2018 12:52:10 AM	Gathering application roles
3/1/2018 12:52:10 AM	Gathering role memberships
3/1/2018 12:52:10 AM	Gathering filegroups
3/1/2018 12:52:10 AM	Gathering full-text catalogs
3/1/2018 12:52:10 AM	Gathering assemblies
3/1/2018 12:52:10 AM	Gathering certificates
3/1/2018 12:52:10 AM	Gathering asymmetric keys
3/1/2018 12:52:10 AM	Gathering symmetric keys
3/1/2018 12:52:10 AM	Gathering encrypted symmetric keys
3/1/2018 12:52:10 AM	Gathering schemas
3/1/2018 12:52:10 AM	Gathering XML schema collections
3/1/2018 12:52:10 AM	Gathering user-defined data types
3/1/2018 12:52:10 AM	Gathering user-defined types
3/1/2018 12:52:10 AM	Gathering table types
3/1/2018 12:52:10 AM	Gathering unique keys for table types
3/1/2018 12:52:10 AM	Gathering primary keys for table types
3/1/2018 12:52:10 AM	Gathering indexes for table types
3/1/2018 12:52:10 AM	Gathering check constraints for table types
3/1/2018 12:52:10 AM	Gathering default constraints for table types
3/1/2018 12:52:10 AM	Gathering partition functions
3/1/2018 12:52:10 AM	Gathering partition schemes
3/1/2018 12:52:10 AM	Gathering functions
3/1/2018 12:52:10 AM	Gathering encrypted functions
3/1/2018 12:52:10 AM	Gathering aggregates
3/1/2018 12:52:10 AM	Gathering procedures
3/1/2018 12:52:10 AM	Gathering encrypted procedures
3/1/2018 12:52:10 AM	Gathering tables
3/1/2018 12:52:10 AM	Gathering primary keys
3/1/2018 12:52:10 AM	Gathering unique constraints
3/1/2018 12:52:10 AM	Gathering foreign keys
3/1/2018 12:52:10 AM	Gathering default constraints
3/1/2018 12:52:10 AM	Gathering check constraints
3/1/2018 12:52:10 AM	Gathering views
3/1/2018 12:52:10 AM	Gathering encrypted views
3/1/2018 12:52:10 AM	Gathering indexes
3/1/2018 12:52:10 AM	Gathering statistics
3/1/2018 12:52:10 AM	Gathering full-text index stoplists
3/1/2018 12:52:10 AM	Gathering search property lists
3/1/2018 12:52:10 AM	Gathering search properties
3/1/2018 12:52:10 AM	Gathering full-text indexes
3/1/2018 12:52:10 AM	Gathering column store indexes
3/1/2018 12:52:10 AM	Gathering spatial indexes
3/1/2018 12:52:10 AM	Gathering XML indexes
3/1/2018 12:52:10 AM	Gathering Selective XML indexes
3/1/2018 12:52:10 AM	Gathering encrypted triggers
3/1/2018 12:52:10 AM	Gathering triggers
3/1/2018 12:52:10 AM	Gathering encrypted and clr ddl triggers
3/1/2018 12:52:10 AM	Gathering ddl triggers
3/1/2018 12:52:10 AM	Gathering synonyms
3/1/2018 12:52:10 AM	Gathering defaults
3/1/2018 12:52:10 AM	Gathering data constraint uddt bindings
3/1/2018 12:52:10 AM	Gathering rules
3/1/2018 12:52:10 AM	Gathering data constraint uddt bindings
3/1/2018 12:52:10 AM	Gathering message types
3/1/2018 12:52:10 AM	Gathering queues
3/1/2018 12:52:10 AM	Gathering contracts
3/1/2018 12:52:10 AM	Gathering services
3/1/2018 12:52:10 AM	Gathering event notifications
3/1/2018 12:52:10 AM	Gathering remote service bindings
3/1/2018 12:52:10 AM	Gathering broker priorities
3/1/2018 12:52:10 AM	Gathering signatures
3/1/2018 12:52:10 AM	Gathering data compression options
3/1/2018 12:52:10 AM	Gathering sequence types
3/1/2018 12:52:10 AM	Gathering extended properties
3/1/2018 12:52:10 AM	Gathering credentials
3/1/2018 12:52:10 AM	Gathering logins
3/1/2018 12:52:10 AM	Gathering server audits
3/1/2018 12:52:10 AM	Scanning project for duplicate elements
3/1/2018 12:52:10 AM	Finished duplicate element processing
3/1/2018 12:52:10 AM	Finished importing database.
3/1/2018 12:52:10 AM	A summary of the import was saved to the following location: C:\Source\Repository\sabiddin\School\School\School.Database\Import Schema Logs\School.Database_20180301055205.log
3/1/2018 12:52:10 AM	Click Finish to continue...
